# Logfile created on 2014-04-05 18:24:37 +0900 by logger.rb/44203
D, [2014-04-05T18:39:34.398812 #75229] DEBUG -- Spike: detect_title- Aborting can't connect to: http://www.acdc.com
D, [2014-04-05T18:39:35.704023 #75229] DEBUG -- Spike: detect_feed- Aborting can't connect to: http://www.acdc.com
D, [2014-04-05T18:41:59.947203 #75229] DEBUG -- Spike: detect_title- Aborting can't connect to: http://www.acdc.com
D, [2014-04-05T18:41:59.968564 #75229] DEBUG -- Spike: detect_feed- Aborting can't connect to: http://www.acdc.com
D, [2014-04-05T18:42:27.073766 #75229] DEBUG -- Spike: detect_title- Reconnecting to: 
E, [2014-04-05T18:42:27.074356 #75229] ERROR -- Spike: Curl::Err::MalformedURLError
E, [2014-04-05T18:42:27.074418 #75229] ERROR -- Spike: detect_title - Parameter: 
D, [2014-04-05T18:43:56.481230 #75324] DEBUG -- Spike: detect_title- Reconnecting to: 
E, [2014-04-05T18:43:56.515704 #75324] ERROR -- Spike: Curl::Err::MalformedURLError
E, [2014-04-05T18:43:56.515862 #75324] ERROR -- Spike: detect_title - Parameter: 
D, [2014-04-05T18:44:39.115130 #75324] DEBUG -- Spike: detect_title- Aborting can't connect to: http://drinkentrepreneurs-org.eventbrite.com/
D, [2014-04-05T18:44:39.136977 #75324] DEBUG -- Spike: detect_feed- Aborting can't connect to: http://drinkentrepreneurs-org.eventbrite.com/
E, [2014-04-05T18:45:02.016020 #75324] ERROR -- Spike: detect_feed undefined method `name' for nil:NilClass - Parameter: http://www.sparklabs.co.kr
D, [2014-04-05T18:45:40.574305 #75324] DEBUG -- Spike: detect_title- Aborting can't connect to: http://dumblr.com
D, [2014-04-05T18:45:44.020104 #75324] DEBUG -- Spike: detect_feed- Aborting can't connect to: http://dumblr.com
D, [2014-04-05T19:06:46.570440 #76155] DEBUG -- Spike: detect_title- Reconnecting to: 
E, [2014-04-05T19:06:46.571144 #76155] ERROR -- Spike: Curl::Err::MalformedURLError
E, [2014-04-05T19:06:46.571242 #76155] ERROR -- Spike: detect_title - Parameter: 
E, [2014-04-05T19:08:09.233007 #76155] ERROR -- Spike: detect_feed undefined method `name' for nil:NilClass - Parameter: http://www.sparklabs.co.kr
D, [2014-04-05T21:15:37.639227 #75213] DEBUG -- Spike: detect_title- Aborting can't connect to: http://ranker.com
D, [2014-04-05T21:15:37.695479 #75213] DEBUG -- Spike: detect_feed- Aborting can't connect to: http://ranker.com
D, [2014-04-05T21:37:50.968512 #75213] DEBUG -- Spike: detect_title- Reconnecting to: http://www.ranker.com
E, [2014-04-05T21:57:20.807024 #75213] ERROR -- Spike: detect_feed undefined method `name' for nil:NilClass - Parameter: http://listverse.com/
E, [2014-04-05T21:58:21.620771 #75213] ERROR -- Spike: detect_feed undefined method `name' for nil:NilClass - Parameter: http://listverse.com/
E, [2014-04-05T21:58:37.555458 #75213] ERROR -- Spike: detect_feed undefined method `name' for nil:NilClass - Parameter: http://listverse.com/
E, [2014-04-05T21:59:07.813715 #75213] ERROR -- Spike: detect_feed undefined method `name' for nil:NilClass - Parameter: listverse.com
E, [2014-04-05T22:15:41.303258 #79542] ERROR -- Spike: Curl::Err::RecvError
E, [2014-04-05T22:15:41.314483 #79542] ERROR -- Spike: detect_title - Parameter: fandango.com
D, [2014-04-05T22:22:59.583717 #79834] DEBUG -- Spike: detect_title- Reconnecting to: 
E, [2014-04-05T22:22:59.602687 #79834] ERROR -- Spike: Curl::Err::MalformedURLError
E, [2014-04-05T22:22:59.603500 #79834] ERROR -- Spike: detect_title - Parameter: 
E, [2014-04-05T22:23:00.696449 #79834] ERROR -- Spike: detect_feed undefined method `name' for nil:NilClass - Parameter: fcb.ch
